<?xml version="1.0" encoding="UTF-8"?>
<testng-results skipped="0" failed="0" ignored="0" total="2" passed="2">
  <reporter-output>
  </reporter-output>
  <suite name="Default suite" duration-ms="17265" started-at="2021-06-27T18:37:16 EDT" finished-at="2021-06-27T18:37:33 EDT">
    <groups>
    </groups>
    <test name="Default test" duration-ms="17265" started-at="2021-06-27T18:37:16 EDT" finished-at="2021-06-27T18:37:33 EDT">
      <class name="singletonConceptInFrameWork.TitleAndUrlTest">
        <test-method status="PASS" signature="openApplication()[pri:0, instance:singletonConceptInFrameWork.TitleAndUrlTest@32709393]" name="openApplication" is-config="true" duration-ms="15045" started-at="2021-06-27T18:37:16 EDT" finished-at="2021-06-27T18:37:31 EDT">
          <reporter-output>
          </reporter-output>
        </test-method> <!-- openApplication -->
        <test-method status="PASS" signature="titleTest()[pri:0, instance:singletonConceptInFrameWork.TitleAndUrlTest@32709393]" name="titleTest" duration-ms="577" started-at="2021-06-27T18:37:31 EDT" finished-at="2021-06-27T18:37:31 EDT">
          <reporter-output>
          </reporter-output>
        </test-method> <!-- titleTest -->
        <test-method status="PASS" signature="urlTest()[pri:0, instance:singletonConceptInFrameWork.TitleAndUrlTest@32709393]" name="urlTest" duration-ms="14" started-at="2021-06-27T18:37:31 EDT" finished-at="2021-06-27T18:37:31 EDT">
          <reporter-output>
          </reporter-output>
        </test-method> <!-- urlTest -->
        <test-method status="PASS" signature="destoryBrowser()[pri:0, instance:singletonConceptInFrameWork.TitleAndUrlTest@32709393]" name="destoryBrowser" is-config="true" duration-ms="1470" started-at="2021-06-27T18:37:31 EDT" finished-at="2021-06-27T18:37:33 EDT">
          <reporter-output>
          </reporter-output>
        </test-method> <!-- destoryBrowser -->
      </class> <!-- singletonConceptInFrameWork.TitleAndUrlTest -->
    </test> <!-- Default test -->
  </suite> <!-- Default suite -->
</testng-results>
